2021-10-15 01:14:13,780  - INFO  - client - Запущен клиент с парамертами: адрес сервера: 127.0.0.5, порт: 7777
2021-10-15 01:14:13,780  - INFO  - client - Установлено соединение с сервером. Ответ сервера: 200 : OK
2021-10-15 01:14:13,781  - DEBUG  - client - Запущены процессы
2021-10-15 01:14:18,453  - INFO  - client - Запущен клиент с парамертами: адрес сервера: 127.0.0.1, порт: 7777
2021-10-15 01:14:18,455  - INFO  - client - Установлено соединение с сервером. Ответ сервера: 200 : OK
2021-10-15 01:14:18,455  - DEBUG  - client - Запущены процессы
2021-10-15 01:14:23,780  - DEBUG  - client - Сформирован словарь сообщения: {'action': 'message', 'sender': 'Rick', 'destination': 'ds', 'time': 1634249663.7806025, 'mess_text': '1111'}
2021-10-15 01:14:23,796  - INFO  - client - Отправлено сообщение для пользователя ds
2021-10-15 01:14:31,478  - DEBUG  - client - Сформирован словарь сообщения: {'action': 'message', 'sender': 'Rick', 'destination': '21', 'time': 1634249671.4786825, 'mess_text': '333333'}
2021-10-15 01:14:31,489  - INFO  - client - Отправлено сообщение для пользователя 21
2021-10-15 01:16:05,408  - INFO  - client - Запущен клиент с парамертами: адрес сервера: 127.0.0.1, порт: 7777
2021-10-15 01:16:05,409  - INFO  - client - Установлено соединение с сервером. Ответ сервера: 200 : OK
2021-10-15 01:16:05,409  - DEBUG  - client - Запущены процессы
2021-10-15 01:16:09,943  - INFO  - client - Запущен клиент с парамертами: адрес сервера: 127.0.0.1, порт: 7777
2021-10-15 01:16:09,944  - INFO  - client - Установлено соединение с сервером. Ответ сервера: 200 : OK
2021-10-15 01:16:09,944  - DEBUG  - client - Запущены процессы
2021-10-15 01:16:18,733  - DEBUG  - client - Сформирован словарь сообщения: {'action': 'message', 'sender': 'Rick', 'destination': 'd', 'time': 1634249778.733705, 'mess_text': '11'}
2021-10-15 01:16:18,734  - INFO  - client - Отправлено сообщение для пользователя d
2021-10-15 01:16:33,226  - DEBUG  - client - Сформирован словарь сообщения: {'action': 'message', 'sender': 'Rick', 'destination': '11', 'time': 1634249793.2266505, 'mess_text': '2222'}
2021-10-15 01:16:33,227  - INFO  - client - Отправлено сообщение для пользователя 11
2021-10-15 01:16:33,301  - CRITICAL  - client - Потеряно соединение с сервером.
2021-10-15 01:17:40,455  - INFO  - client - Запущен клиент с парамертами: адрес сервера: 127.0.0.1, порт: 7777
2021-10-15 01:17:40,455  - CRITICAL  - client - Не удалось подключиться к серверу 127.0.0.1:7777, конечный компьютер отверг запрос на подключение.
2021-10-15 01:17:53,128  - INFO  - client - Запущен клиент с парамертами: адрес сервера: 127.0.0.1, порт: 7777
2021-10-15 01:17:53,129  - INFO  - client - Установлено соединение с сервером. Ответ сервера: 200 : OK
2021-10-15 01:17:53,129  - DEBUG  - client - Запущены процессы
2021-10-15 01:17:55,975  - INFO  - client - Запущен клиент с парамертами: адрес сервера: 127.0.0.1, порт: 7777
2021-10-15 01:17:55,975  - INFO  - client - Установлено соединение с сервером. Ответ сервера: 200 : OK
2021-10-15 01:17:55,976  - DEBUG  - client - Запущены процессы
2021-10-15 01:18:01,751  - DEBUG  - client - Сформирован словарь сообщения: {'action': 'message', 'sender': 'Rick', 'destination': 'de', 'time': 1634249881.7511623, 'mess_text': '11'}
2021-10-15 01:18:01,751  - INFO  - client - Отправлено сообщение для пользователя de
2021-10-15 01:18:06,897  - DEBUG  - client - Сформирован словарь сообщения: {'action': 'message', 'sender': 'Rick', 'destination': 'dd', 'time': 1634249886.8976054, 'mess_text': '11'}
2021-10-15 01:18:06,898  - INFO  - client - Отправлено сообщение для пользователя dd
2021-10-15 01:25:00,950  - INFO  - client - Запущен клиент с парамертами: адрес сервера: 127.0.0.1, порт: 7777
2021-10-15 01:25:00,950  - INFO  - client - Установлено соединение с сервером. Ответ сервера: 200 : OK
2021-10-15 01:25:00,951  - DEBUG  - client - Запущены процессы
2021-10-15 01:25:14,107  - INFO  - client - Запущен клиент с парамертами: адрес сервера: 127.0.0.1, порт: 7777
2021-10-15 01:25:14,108  - INFO  - client - Установлено соединение с сервером. Ответ сервера: 200 : OK
2021-10-15 01:25:14,108  - DEBUG  - client - Запущены процессы
2021-10-15 01:25:17,949  - INFO  - client - Запущен клиент с парамертами: адрес сервера: 127.0.0.1, порт: 7777
2021-10-15 01:25:17,949  - INFO  - client - Установлено соединение с сервером. Ответ сервера: 200 : OK
2021-10-15 01:25:17,950  - DEBUG  - client - Запущены процессы
2021-10-15 01:25:40,787  - DEBUG  - client - Сформирован словарь сообщения: {'action': 'message', 'sender': 'Rick', 'destination': 'dc', 'time': 1634250340.787355, 'mess_text': 'cc'}
2021-10-15 01:25:40,788  - INFO  - client - Отправлено сообщение для пользователя dc
2021-10-15 01:26:04,769  - DEBUG  - client - Сформирован словарь сообщения: {'action': 'message', 'sender': 'Rick', 'destination': '1', 'time': 1634250364.7692115, 'mess_text': '1'}
2021-10-15 01:26:04,769  - INFO  - client - Отправлено сообщение для пользователя 1
2021-10-15 01:29:11,898  - INFO  - client - Запущен клиент с парамертами: адрес сервера: 127.0.0.1, порт: 7777
2021-10-15 01:29:11,898  - INFO  - client - Установлено соединение с сервером. Ответ сервера: 200 : OK
2021-10-15 01:29:11,899  - DEBUG  - client - Запущены процессы
2021-10-15 01:29:13,671  - DEBUG  - client - Сформирован словарь сообщения: {'action': 'message', 'sender': 'Rick', 'destination': 'cd', 'time': 1634250553.6718647, 'mess_text': 'q'}
2021-10-15 01:29:13,672  - INFO  - client - Отправлено сообщение для пользователя cd
2021-10-15 01:30:37,041  - INFO  - client - Запущен клиент с парамертами: адрес сервера: 127.0.0.1, порт: 7777
2021-10-15 01:30:37,042  - INFO  - client - Установлено соединение с сервером. Ответ сервера: 200 : OK
2021-10-15 01:30:37,042  - DEBUG  - client - Запущены процессы
2021-10-15 01:30:39,897  - DEBUG  - client - Сформирован словарь сообщения: {'action': 'message', 'sender': 'Rick', 'destination': 'qq', 'time': 1634250639.8978274, 'mess_text': 'q'}
2021-10-15 01:30:39,898  - INFO  - client - Отправлено сообщение для пользователя qq
2021-10-15 01:30:50,137  - DEBUG  - client - Сформирован словарь сообщения: {'action': 'message', 'sender': 'Rick', 'destination': 'w', 'time': 1634250650.1374946, 'mess_text': 'w'}
2021-10-15 01:30:50,138  - INFO  - client - Отправлено сообщение для пользователя w
2021-10-15 01:31:02,272  - CRITICAL  - client - Потеряно соединение с сервером.
2021-10-15 01:32:13,921  - INFO  - client - Запущен клиент с парамертами: адрес сервера: 127.0.0.1, порт: 7777
2021-10-15 01:32:13,922  - INFO  - client - Установлено соединение с сервером. Ответ сервера: 200 : OK
2021-10-15 01:32:13,922  - DEBUG  - client - Запущены процессы
2021-10-15 01:32:16,756  - DEBUG  - client - Сформирован словарь сообщения: {'action': 'message', 'sender': 'Rick', 'destination': '11', 'time': 1634250736.756402, 'mess_text': '1'}
2021-10-15 01:32:16,757  - INFO  - client - Отправлено сообщение для пользователя 11
2021-10-15 01:32:36,988  - INFO  - client - Запущен клиент с парамертами: адрес сервера: 127.0.0.1, порт: 7777
2021-10-15 01:32:36,988  - INFO  - client - Установлено соединение с сервером. Ответ сервера: 200 : OK
2021-10-15 01:32:36,989  - DEBUG  - client - Запущены процессы
2021-10-15 01:32:38,705  - DEBUG  - client - Сформирован словарь сообщения: {'action': 'message', 'sender': 'Rick', 'destination': '1', 'time': 1634250758.7050903, 'mess_text': ''}
2021-10-15 01:32:38,705  - INFO  - client - Отправлено сообщение для пользователя 1
2021-10-15 01:32:43,366  - DEBUG  - client - Сформирован словарь сообщения: {'action': 'message', 'sender': 'Rick', 'destination': '1', 'time': 1634250763.366353, 'mess_text': '1'}
2021-10-15 01:32:43,367  - INFO  - client - Отправлено сообщение для пользователя 1
2021-10-15 01:32:49,140  - DEBUG  - client - Сформирован словарь сообщения: {'action': 'message', 'sender': 'Rick', 'destination': '22', 'time': 1634250769.1404462, 'mess_text': '2233'}
2021-10-15 01:32:49,141  - INFO  - client - Отправлено сообщение для пользователя 22
2021-10-15 01:33:23,500  - INFO  - client - Запущен клиент с парамертами: адрес сервера: 127.0.0.1, порт: 7777
2021-10-15 01:33:23,500  - INFO  - client - Установлено соединение с сервером. Ответ сервера: 200 : OK
2021-10-15 01:33:23,501  - DEBUG  - client - Запущены процессы
2021-10-15 01:33:25,749  - DEBUG  - client - Сформирован словарь сообщения: {'action': 'message', 'sender': 'Rick', 'destination': '11', 'time': 1634250805.7494383, 'mess_text': '1'}
2021-10-15 01:33:25,750  - INFO  - client - Отправлено сообщение для пользователя 11
2021-10-15 01:33:35,330  - DEBUG  - client - Сформирован словарь сообщения: {'action': 'message', 'sender': 'Rick', 'destination': 'dd', 'time': 1634250815.3302922, 'mess_text': 'dwddqw'}
2021-10-15 01:33:35,330  - INFO  - client - Отправлено сообщение для пользователя dd
2021-10-15 01:33:38,363  - DEBUG  - client - Сформирован словарь сообщения: {'action': 'message', 'sender': 'Rick', 'destination': 'dwqdeq', 'time': 1634250818.363519, 'mess_text': 'qdw'}
2021-10-15 01:33:38,364  - INFO  - client - Отправлено сообщение для пользователя dwqdeq
2021-10-15 01:35:37,588  - INFO  - client - Запущен клиент с парамертами: адрес сервера: 127.0.0.1, порт: 7777
2021-10-15 01:35:37,588  - INFO  - client - Установлено соединение с сервером. Ответ сервера: 200 : OK
2021-10-15 01:35:37,589  - DEBUG  - client - Запущены процессы
2021-10-15 01:35:40,957  - DEBUG  - client - Сформирован словарь сообщения: {'action': 'message', 'sender': 'Rick', 'destination': '112', 'time': 1634250940.9574566, 'mess_text': '22'}
2021-10-15 01:35:40,958  - INFO  - client - Отправлено сообщение для пользователя 112
2021-10-15 01:35:41,000  - ERROR  - client - Получено некорректное сообщение с сервера: {'response': 200}
2021-10-15 01:35:41,001  - INFO  - client - Получено сообщение от пользователя Rick:
22
2021-10-15 01:35:48,080  - INFO  - client - Запущен клиент с парамертами: адрес сервера: 127.0.0.1, порт: 7777
2021-10-15 01:35:48,080  - INFO  - client - Установлено соединение с сервером. Ответ сервера: 200 : OK
2021-10-15 01:35:48,081  - DEBUG  - client - Запущены процессы
2021-10-15 01:35:51,143  - DEBUG  - client - Сформирован словарь сообщения: {'action': 'message', 'sender': 'Rick', 'destination': '21', 'time': 1634250951.1435394, 'mess_text': '1'}
2021-10-15 01:35:51,144  - INFO  - client - Отправлено сообщение для пользователя 21
2021-10-15 01:35:51,189  - ERROR  - client - Получено некорректное сообщение с сервера: {'response': 200}
2021-10-15 01:35:51,190  - INFO  - client - Получено сообщение от пользователя Rick:
1
2021-10-15 01:35:51,190  - INFO  - client - Получено сообщение от пользователя Rick:
1
2021-10-15 01:35:57,399  - DEBUG  - client - Сформирован словарь сообщения: {'action': 'message', 'sender': 'Rick', 'destination': '23324', 'time': 1634250957.3993533, 'mess_text': '3er3we1'}
2021-10-15 01:35:57,400  - INFO  - client - Отправлено сообщение для пользователя 23324
2021-10-15 01:35:57,405  - ERROR  - client - Получено некорректное сообщение с сервера: {'response': 200}
2021-10-15 01:35:57,407  - INFO  - client - Получено сообщение от пользователя Rick:
3er3we1
2021-10-15 01:35:57,407  - INFO  - client - Получено сообщение от пользователя Rick:
3er3we1
2021-10-15 01:36:05,715  - INFO  - client - Запущен клиент с парамертами: адрес сервера: 127.0.0.1, порт: 7777
2021-10-15 01:36:05,720  - INFO  - client - Установлено соединение с сервером. Ответ сервера: 200 : OK
2021-10-15 01:36:05,721  - DEBUG  - client - Запущены процессы
2021-10-15 01:36:07,545  - INFO  - client - Запущен клиент с парамертами: адрес сервера: 127.0.0.1, порт: 7777
2021-10-15 01:36:07,545  - INFO  - client - Установлено соединение с сервером. Ответ сервера: 200 : OK
2021-10-15 01:36:07,546  - DEBUG  - client - Запущены процессы
2021-10-15 01:36:11,841  - DEBUG  - client - Сформирован словарь сообщения: {'action': 'message', 'sender': 'Rick', 'destination': 'cedwc', 'time': 1634250971.841495, 'mess_text': '1'}
2021-10-15 01:36:11,842  - INFO  - client - Отправлено сообщение для пользователя cedwc
2021-10-15 01:36:11,857  - ERROR  - client - Получено некорректное сообщение с сервера: {'response': 200}
2021-10-15 01:36:11,858  - INFO  - client - Получено сообщение от пользователя Rick:
1
2021-10-15 01:36:11,858  - INFO  - client - Получено сообщение от пользователя Rick:
1
2021-10-15 01:36:15,592  - DEBUG  - client - Сформирован словарь сообщения: {'action': 'message', 'sender': 'Rick', 'destination': '12', 'time': 1634250975.5922103, 'mess_text': '3'}
2021-10-15 01:36:15,592  - INFO  - client - Отправлено сообщение для пользователя 12
2021-10-15 01:36:15,668  - ERROR  - client - Получено некорректное сообщение с сервера: {'response': 200}
2021-10-15 01:36:15,669  - INFO  - client - Получено сообщение от пользователя Rick:
3
2021-10-15 01:36:15,669  - INFO  - client - Получено сообщение от пользователя Rick:
3
2021-10-15 01:39:22,492  - INFO  - client - Запущен клиент с парамертами: адрес сервера: 127.0.0.1, порт: 7777
2021-10-15 01:39:22,493  - INFO  - client - Установлено соединение с сервером. Ответ сервера: 200 : OK
2021-10-15 01:39:22,493  - DEBUG  - client - Запущены процессы
2021-10-15 01:39:24,611  - DEBUG  - client - Сформирован словарь сообщения: {'action': 'message', 'sender': 'Rick', 'destination': 'wdw', 'time': 1634251164.6111593, 'mess_text': 'w'}
2021-10-15 01:39:24,611  - INFO  - client - Отправлено сообщение для пользователя wdw
2021-10-15 01:39:24,702  - ERROR  - client - Получено некорректное сообщение с сервера: {'response': 200}
2021-10-15 01:39:24,703  - INFO  - client - Получено сообщение от пользователя Rick:
w
2021-10-15 01:43:13,303  - INFO  - client - Запущен клиент с парамертами: адрес сервера: 127.0.0.1, порт: 7777
2021-10-15 01:43:13,304  - INFO  - client - Установлено соединение с сервером. Ответ сервера: 200 : OK
2021-10-15 01:43:13,304  - DEBUG  - client - Запущены процессы
2021-10-15 01:43:15,108  - DEBUG  - client - Сформирован словарь сообщения: {'action': 'message', 'sender': 'Rick', 'destination': 'dwdw', 'time': 1634251395.1084843, 'mess_text': 'q'}
2021-10-15 01:43:15,109  - INFO  - client - Отправлено сообщение для пользователя dwdw
2021-10-15 01:43:15,112  - ERROR  - client - Получено некорректное сообщение с сервера: {'response': 200}
2021-10-15 01:43:15,114  - INFO  - client - Получено сообщение от пользователя Rick:
dwdw
2021-10-15 01:48:31,303  - INFO  - client - Запущен клиент с парамертами: адрес сервера: 127.0.0.1, порт: 7777
2021-10-15 01:48:31,304  - INFO  - client - Установлено соединение с сервером. Ответ сервера: 200 : OK
2021-10-15 01:48:31,304  - DEBUG  - client - Запущены процессы
2021-10-15 01:48:36,481  - INFO  - client - Завершение работы по команде пользователя.
2021-10-15 01:49:49,582  - INFO  - client - Запущен клиент с парамертами: адрес сервера: 127.0.0.1, порт: 7777
2021-10-15 01:49:49,583  - INFO  - client - Установлено соединение с сервером. Ответ сервера: 200 : OK
2021-10-15 01:49:49,585  - DEBUG  - client - Запущены процессы
2021-10-15 01:50:45,297  - INFO  - client - Запущен клиент с парамертами: адрес сервера: 127.0.0.1, порт: 7777
2021-10-15 01:50:45,299  - INFO  - client - Установлено соединение с сервером. Ответ сервера: 200 : OK
2021-10-15 01:50:45,300  - DEBUG  - client - Запущены процессы
2021-10-15 01:52:04,632  - INFO  - client - Запущен клиент с парамертами: адрес сервера: 127.0.0.1, порт: 7777
2021-10-15 01:52:04,633  - INFO  - client - Установлено соединение с сервером. Ответ сервера: 200 : OK
2021-10-15 01:52:21,545  - INFO  - client - Отправлено сообщение для пользователя doc
2021-10-15 01:52:21,588  - ERROR  - client - Получено некорректное сообщение с сервера: {'response': 200}
2021-10-15 01:52:21,589  - INFO  - client - Получено сообщение от пользователя S:
doc
2021-10-15 01:56:06,948  - INFO  - client - Запущен клиент с парамертами: адрес сервера: 127.0.0.1, порт: 7777
2021-10-15 01:56:06,950  - INFO  - client - Установлено соединение с сервером. Ответ сервера: 200 : OK
2021-10-15 01:56:19,458  - INFO  - client - Отправлено сообщение для пользователя dd
2021-10-15 01:56:19,492  - ERROR  - client - Получено некорректное сообщение с сервера: {'response': 200}
2021-10-15 01:56:19,493  - INFO  - client - Получено сообщение от пользователя f:
dd
2021-10-15 01:59:40,629  - INFO  - client - Запущен клиент с парамертами: адрес сервера: 127.0.0.1, порт: 7777
2021-10-15 01:59:40,630  - INFO  - client - Установлено соединение с сервером. Ответ сервера: 200 : OK
2021-10-15 01:59:40,632  - DEBUG  - client - Запущены процессы
2021-10-15 01:59:51,165  - DEBUG  - client - Сформирован словарь сообщения: {'action': 'message', 'sender': 'qw', 'destination': 'dew', 'time': 1634252391.165365, 'mess_text': 'qq'}
2021-10-15 01:59:51,166  - INFO  - client - Отправлено сообщение для пользователя dew
2021-10-15 01:59:51,175  - ERROR  - client - Получено некорректное сообщение с сервера: {'response': 200}
2021-10-15 01:59:51,176  - INFO  - client - Получено сообщение от пользователя qw:
dew
2021-10-15 01:59:59,881  - DEBUG  - client - Сформирован словарь сообщения: {'action': 'message', 'sender': 'qw', 'destination': 'qq', 'time': 1634252399.881744, 'mess_text': 'exit'}
2021-10-15 01:59:59,882  - INFO  - client - Отправлено сообщение для пользователя qq
2021-10-15 01:59:59,898  - ERROR  - client - Получено некорректное сообщение с сервера: {'response': 200}
2021-10-15 01:59:59,899  - INFO  - client - Получено сообщение от пользователя qw:
qq
2021-10-15 02:05:07,140  - INFO  - client - Запущен клиент с парамертами: адрес сервера: 127.0.0.1, порт: 7777
2021-10-15 02:05:07,142  - INFO  - client - Установлено соединение с сервером. Ответ сервера: 200 : OK
2021-10-15 02:05:07,143  - DEBUG  - client - Запущены процессы
2021-10-15 02:05:19,796  - DEBUG  - client - Сформирован словарь сообщения: {'action': 'message', 'sender': 'q', 'destination': 'exit', 'time': 1634252719.7962646, 'mess_text': 'exit'}
2021-10-15 02:05:19,796  - INFO  - client - Отправлено сообщение для пользователя exit
2021-10-15 02:05:19,887  - ERROR  - client - Получено некорректное сообщение с сервера: {'response': 200}
2021-10-15 02:05:19,888  - INFO  - client - Получено сообщение от пользователя q:
exit
2021-10-15 02:06:15,779  - INFO  - client - Запущен клиент с парамертами: адрес сервера: 127.0.0.1, порт: 7777
2021-10-15 02:06:15,780  - INFO  - client - Установлено соединение с сервером. Ответ сервера: 200 : OK
2021-10-15 02:06:15,782  - DEBUG  - client - Запущены процессы
2021-10-15 02:06:23,922  - DEBUG  - client - Сформирован словарь сообщения: {'action': 'message', 'sender': 'dw', 'destination': 'q', 'time': 1634252783.9224188, 'mess_text': 'exit'}
2021-10-15 02:06:23,923  - INFO  - client - Отправлено сообщение для пользователя q
2021-10-15 02:06:24,002  - ERROR  - client - Получено некорректное сообщение с сервера: {'response': 200}
2021-10-15 02:06:24,003  - INFO  - client - Получено сообщение от пользователя dw:
q
2021-10-15 02:07:04,103  - INFO  - client - Запущен клиент с парамертами: адрес сервера: 127.0.0.1, порт: 7777
2021-10-15 02:07:04,105  - INFO  - client - Установлено соединение с сервером. Ответ сервера: 200 : OK
2021-10-15 02:07:04,106  - DEBUG  - client - Запущены процессы
2021-10-15 02:07:15,172  - DEBUG  - client - Сформирован словарь сообщения: {'action': 'message', 'sender': 'q', 'destination': '1', 'time': 1634252835.1722322, 'mess_text': 'exit'}
2021-10-15 02:07:15,173  - INFO  - client - Отправлено сообщение для пользователя 1
2021-10-15 02:07:15,234  - ERROR  - client - Получено некорректное сообщение с сервера: {'response': 200}
2021-10-15 02:07:15,235  - INFO  - client - Получено сообщение от пользователя q:
1
2021-10-15 02:08:02,912  - INFO  - client - Запущен клиент с парамертами: адрес сервера: 127.0.0.1, порт: 7777
2021-10-15 02:08:02,913  - INFO  - client - Установлено соединение с сервером. Ответ сервера: 200 : OK
2021-10-15 02:08:02,915  - DEBUG  - client - Запущены процессы
2021-10-15 02:08:13,797  - DEBUG  - client - Сформирован словарь сообщения: {'action': 'message', 'sender': 'q', 'destination': '1', 'time': 1634252893.796923, 'mess_text': 'exit'}
2021-10-15 02:08:13,797  - INFO  - client - Отправлено сообщение для пользователя 1
2021-10-15 02:08:13,841  - ERROR  - client - Получено некорректное сообщение с сервера: {'response': 200}
2021-10-15 02:08:13,842  - INFO  - client - Получено сообщение от пользователя q:
1
2021-10-15 02:09:21,903  - INFO  - client - Запущен клиент с парамертами: адрес сервера: 127.0.0.1, порт: 7777
2021-10-15 02:09:21,904  - INFO  - client - Установлено соединение с сервером. Ответ сервера: 200 : OK
2021-10-15 02:09:21,906  - DEBUG  - client - Запущены процессы
2021-10-15 02:09:32,161  - DEBUG  - client - Сформирован словарь сообщения: {'action': 'message', 'sender': '1', 'destination': '1', 'time': 1634252972.1612217, 'mess_text': 'q'}
2021-10-15 02:09:32,161  - INFO  - client - Отправлено сообщение для пользователя 1
2021-10-15 02:09:32,231  - ERROR  - client - Получено некорректное сообщение с сервера: {'response': 200}
2021-10-15 02:09:32,232  - INFO  - client - Получено сообщение от пользователя 1:
1
2021-10-15 02:15:09,352  - INFO  - client - Запущен клиент с парамертами: адрес сервера: 127.0.0.1, порт: 7777
2021-10-15 02:15:09,354  - INFO  - client - Установлено соединение с сервером. Ответ сервера: 200 : OK
2021-10-15 02:15:09,355  - DEBUG  - client - Запущены процессы
2021-10-15 02:15:39,431  - INFO  - client - Запущен клиент с парамертами: адрес сервера: 127.0.0.1, порт: 7777
2021-10-15 02:15:39,433  - INFO  - client - Установлено соединение с сервером. Ответ сервера: 200 : OK
2021-10-15 02:15:39,435  - DEBUG  - client - Запущены процессы
2021-10-15 02:16:31,518  - INFO  - client - Запущен клиент с парамертами: адрес сервера: 127.0.0.1, порт: 7777
2021-10-15 02:16:31,520  - INFO  - client - Установлено соединение с сервером. Ответ сервера: 200 : OK
2021-10-15 02:16:31,521  - DEBUG  - client - Запущены процессы
2021-10-15 02:18:21,048  - INFO  - client - Запущен клиент с парамертами: адрес сервера: 127.0.0.1, порт: 7777
2021-10-15 02:18:21,050  - INFO  - client - Установлено соединение с сервером. Ответ сервера: 200 : OK
2021-10-15 02:18:21,051  - DEBUG  - client - Запущены процессы
2021-10-15 02:19:34,240  - INFO  - client - Запущен клиент с парамертами: адрес сервера: 127.0.0.1, порт: 7777
2021-10-15 02:19:34,242  - INFO  - client - Установлено соединение с сервером. Ответ сервера: 200 : OK
2021-10-15 02:19:34,244  - DEBUG  - client - Запущены процессы
2021-10-15 02:19:55,086  - INFO  - client - Запущен клиент с парамертами: адрес сервера: 127.0.0.1, порт: 7777
2021-10-15 02:20:44,022  - INFO  - client - Запущен клиент с парамертами: адрес сервера: 127.0.0.1, порт: 7777
2021-10-15 02:20:44,024  - INFO  - client - Установлено соединение с сервером. Ответ сервера: 200 : OK
2021-10-15 02:20:44,025  - DEBUG  - client - Запущены процессы
2021-10-15 02:27:39,446  - INFO  - client - Запущен клиент с парамертами: адрес сервера: 127.0.0.1, порт: 7777
2021-10-15 02:27:39,448  - ERROR  - client - 400 : Bad Request
2021-10-15 02:27:39,448  - INFO  - client - Установлено соединение с сервером. Ответ сервера: 400 : Bad Request
2021-10-15 02:27:39,449  - CRITICAL  - client - Потеряно соединение с сервером.
2021-10-15 02:27:39,450  - DEBUG  - client - Запущены процессы
2021-10-15 02:28:16,340  - INFO  - client - Запущен клиент с парамертами: адрес сервера: 127.0.0.1, порт: 7777
2021-10-15 02:28:16,341  - CRITICAL  - client - Не удалось подключиться к серверу 127.0.0.1:7777, конечный компьютер отверг запрос на подключение.
2021-10-15 02:29:41,275  - INFO  - client - Запущен клиент с парамертами: адрес сервера: 127.0.0.1, порт: 7777
2021-10-15 02:29:41,277  - ERROR  - client - 400 : Имя пользователя уже занято
2021-10-15 02:29:41,277  - INFO  - client - Установлено соединение с сервером. Ответ сервера: 400 : Имя пользователя уже занято
2021-10-15 02:29:41,278  - CRITICAL  - client - Потеряно соединение с сервером.
2021-10-15 02:29:41,279  - DEBUG  - client - Запущены процессы
2021-10-15 02:32:26,410  - INFO  - client - Запущен клиент с парамертами: адрес сервера: 127.0.0.1, порт: 7777
2021-10-15 02:32:26,412  - ERROR  - client - 400 : Имя пользователя уже занято
2021-10-15 02:32:26,413  - INFO  - client - Установлено соединение с сервером. Ответ сервера: 400 : Имя пользователя уже занято
2021-10-15 02:32:26,414  - CRITICAL  - client - Потеряно соединение с сервером.
2021-10-15 02:32:26,415  - DEBUG  - client - Запущены процессы
2021-10-15 02:32:31,655  - INFO  - client - Запущен клиент с парамертами: адрес сервера: 127.0.0.1, порт: 7777
2021-10-15 02:32:31,656  - INFO  - client - Установлено соединение с сервером. Ответ сервера: 200 : OK
2021-10-15 02:32:31,658  - DEBUG  - client - Запущены процессы
2021-10-15 02:32:34,924  - INFO  - client - Завершение работы по команде пользователя.
2021-10-15 02:32:34,966  - ERROR  - client - Получено некорректное сообщение с сервера: {'response': 400, 'error': 'Bad Request'}
2021-10-15 02:33:54,340  - INFO  - client - Запущен клиент с парамертами: адрес сервера: 127.0.0.1, порт: 7777
2021-10-15 02:33:54,341  - INFO  - client - Установлено соединение с сервером. Ответ сервера: 200 : OK
2021-10-15 02:33:54,343  - DEBUG  - client - Запущены процессы
2021-10-15 02:33:56,528  - INFO  - client - Завершение работы по команде пользователя.
2021-10-15 02:33:56,561  - CRITICAL  - client - Потеряно соединение с сервером.
2021-10-15 02:34:46,548  - INFO  - client - Запущен клиент с парамертами: адрес сервера: 127.0.0.1, порт: 7777
2021-10-15 02:34:46,549  - INFO  - client - Установлено соединение с сервером. Ответ сервера: 200 : OK
2021-10-15 02:34:46,550  - DEBUG  - client - Запущены процессы
2021-10-15 02:34:56,233  - DEBUG  - client - Сформирован словарь сообщения: {'action': 'message', 'sender': '2', 'destination': '1', 'time': 1634254496.2336657, 'mess_text': '2'}
2021-10-15 02:34:56,234  - INFO  - client - Отправлено сообщение для пользователя 1
2021-10-15 02:34:56,275  - ERROR  - client - Получено некорректное сообщение с сервера: {'response': 200}
2021-10-15 02:34:56,276  - INFO  - client - Получено сообщение от пользователя 2:
1
2021-10-15 02:35:04,467  - DEBUG  - client - Сформирован словарь сообщения: {'action': 'message', 'sender': '2', 'destination': '\x1b[A\x1b[B', 'time': 1634254504.467749, 'mess_text': 'exit'}
2021-10-15 02:35:04,468  - INFO  - client - Отправлено сообщение для пользователя [A[B
2021-10-15 02:35:04,497  - ERROR  - client - Получено некорректное сообщение с сервера: {'response': 200}
2021-10-15 02:35:04,498  - INFO  - client - Получено сообщение от пользователя 2:
[A[B
2021-10-15 02:35:14,986  - DEBUG  - client - Сформирован словарь сообщения: {'action': 'message', 'sender': '2', 'destination': 'exit', 'time': 1634254514.9859884, 'mess_text': 'exit'}
2021-10-15 02:35:14,986  - INFO  - client - Отправлено сообщение для пользователя exit
2021-10-15 02:35:15,024  - ERROR  - client - Получено некорректное сообщение с сервера: {'response': 200}
2021-10-15 02:35:15,026  - INFO  - client - Получено сообщение от пользователя 2:
exit
2021-10-15 02:36:55,611  - INFO  - client - Запущен клиент с парамертами: адрес сервера: 127.0.0.1, порт: 7777
2021-10-15 02:36:55,612  - ERROR  - client - 400 : Имя пользователя уже занято
2021-10-15 02:36:55,613  - INFO  - client - Установлено соединение с сервером. Ответ сервера: 400 : Имя пользователя уже занято
2021-10-15 02:36:55,613  - CRITICAL  - client - Потеряно соединение с сервером.
2021-10-15 02:36:55,614  - DEBUG  - client - Запущены процессы
2021-10-15 02:37:02,521  - INFO  - client - Запущен клиент с парамертами: адрес сервера: 127.0.0.1, порт: 7777
2021-10-15 02:37:02,522  - ERROR  - client - 400 : Имя пользователя уже занято
2021-10-15 02:37:02,523  - INFO  - client - Установлено соединение с сервером. Ответ сервера: 400 : Имя пользователя уже занято
2021-10-15 02:37:02,523  - CRITICAL  - client - Потеряно соединение с сервером.
2021-10-15 02:37:02,525  - DEBUG  - client - Запущены процессы
2021-10-15 02:38:22,837  - INFO  - client - Запущен клиент с парамертами: адрес сервера: 127.0.0.1, порт: 7777
2021-10-15 02:38:22,839  - INFO  - client - Установлено соединение с сервером. Ответ сервера: 200 : OK
2021-10-15 02:38:22,840  - DEBUG  - client - Запущены процессы
2021-10-15 02:38:30,419  - INFO  - client - Завершение работы по команде пользователя.
2021-10-15 02:38:30,471  - CRITICAL  - client - Потеряно соединение с сервером.
2021-10-15 02:45:53,028  - INFO  - client - Запущен клиент с парамертами: адрес сервера: 127.0.0.1, порт: 7777
2021-10-15 02:45:53,030  - INFO  - client - Установлено соединение с сервером. Ответ сервера: 200 : OK
2021-10-15 02:45:53,031  - DEBUG  - client - Запущены процессы
2021-10-15 02:45:58,031  - INFO  - client - Запущен клиент с парамертами: адрес сервера: 127.0.0.1, порт: 7777
2021-10-15 02:45:58,033  - INFO  - client - Установлено соединение с сервером. Ответ сервера: 200 : OK
2021-10-15 02:45:58,034  - DEBUG  - client - Запущены процессы
2021-10-15 02:46:11,778  - DEBUG  - client - Сформирован словарь сообщения: {'action': 'message', 'sender': '1', 'destination': '2', 'time': 1634255171.7784941, 'mess_text': '123'}
2021-10-15 02:46:11,779  - INFO  - client - Отправлено сообщение для пользователя 2
2021-10-15 02:46:11,868  - ERROR  - client - Получено некорректное сообщение с сервера: {'response': 200}
2021-10-15 02:46:11,874  - CRITICAL  - client - Потеряно соединение с сервером.
2021-10-15 02:46:11,875  - CRITICAL  - client - Потеряно соединение с сервером.
2021-10-15 02:51:52,928  - INFO  - client - Запущен клиент с парамертами: адрес сервера: 127.0.0.1, порт: 7777
2021-10-15 02:51:52,929  - INFO  - client - Установлено соединение с сервером. Ответ сервера: 200 : OK
2021-10-15 02:51:52,931  - DEBUG  - client - Запущены процессы
2021-10-15 02:51:57,592  - INFO  - client - Запущен клиент с парамертами: адрес сервера: 127.0.0.1, порт: 7777
2021-10-15 02:51:57,593  - INFO  - client - Установлено соединение с сервером. Ответ сервера: 200 : OK
2021-10-15 02:51:57,595  - DEBUG  - client - Запущены процессы
2021-10-15 02:52:05,977  - DEBUG  - client - Сформирован словарь сообщения: {'action': 'message', 'sender': '1', 'destination': '2', 'time': 1634255525.9773808, 'mess_text': '123'}
2021-10-15 02:52:05,978  - INFO  - client - Отправлено сообщение для пользователя 2
2021-10-15 02:52:06,013  - ERROR  - client - Получено некорректное сообщение с сервера: {'response': 200}
2021-10-15 02:52:06,015  - INFO  - client - Получено сообщение от пользователя 1:
123
2021-10-15 02:52:28,360  - DEBUG  - client - Сформирован словарь сообщения: {'action': 'message', 'sender': '2', 'destination': '1', 'time': 1634255548.3603122, 'mess_text': '12333333'}
2021-10-15 02:52:28,360  - INFO  - client - Отправлено сообщение для пользователя 1
2021-10-15 02:52:28,368  - ERROR  - client - Получено некорректное сообщение с сервера: {'response': 200}
2021-10-15 02:52:28,370  - INFO  - client - Получено сообщение от пользователя 2:
12333333
2021-10-15 02:54:58,648  - ERROR  - client - Получено некорректное сообщение с сервера: {'response': 200}
2021-10-15 02:55:13,587  - ERROR  - client - Получено некорректное сообщение с сервера: {'response': 200}
2021-10-15 02:55:34,639  - ERROR  - client - Получено некорректное сообщение с сервера: {'response': 200}
2021-10-15 02:56:59,078  - ERROR  - client - 400 : Имя пользователя уже занято
2021-10-15 02:56:59,079  - CRITICAL  - client - Потеряно соединение с сервером.
2021-10-15 02:57:02,531  - ERROR  - client - 400 : Имя пользователя уже занято
2021-10-15 02:57:02,532  - CRITICAL  - client - Потеряно соединение с сервером.
2021-10-15 02:57:12,784  - ERROR  - client - 400 : Имя пользователя уже занято
2021-10-15 02:57:12,785  - CRITICAL  - client - Потеряно соединение с сервером.
